<?xml version="1.0" encoding="UTF-8"?>
<!-- Generated by org.testng.reporters.JUnitReportReporter -->
<testsuite hostname="NDI-LAP-634" failures="0" tests="2" name="TestCase.sauceDemoPageTest" time="1.236" errors="0" timestamp="2022-02-03T10:10:07 IST" skipped="0">
  <testcase classname="TestCase.sauceDemoPageTest" name="initImpl" time="0.048"/>
  <system-out/>
  <testcase classname="TestCase.sauceDemoPageTest" name="testcase4" time="1.188"/>
  <system-out/>
</testsuite> <!-- TestCase.sauceDemoPageTest -->
