<?xml version="1.0" encoding="UTF-8"?>
<!-- Generated by org.testng.reporters.JUnitReportReporter -->
<testsuite hostname="NDI-LAP-634" failures="0" tests="2" name="qa_automation.session1.NewTest" time="0.021" errors="0" timestamp="9 Dec 2021 11:14:46 GMT">
  <testcase classname="qa_automation.session1.NewTest" name="fh" time="0.002"/>
  <testcase classname="qa_automation.session1.NewTest" name="f" time="0.019"/>
</testsuite> <!-- qa_automation.session1.NewTest -->
